Content-Type: text/plain; charset="utf-8"
Content-Transfer-Encoding: 7bit
MIME-Version: 1.0
Subject: New Contact Enquiry from Om rathod - Sara International Website
From: rathodom1310@gmail.com
To: litepa9417@medevsa.com
Date: Tue, 10 Mar 2026 07:03:19 +0000
Message-ID: <177312619959.6436.13691912262929129825@skydot-pc4>


========================================
NEW CONTACT FORM SUBMISSION
Date & Time: 2026-03-10 12:33:19
========================================

Name: Om rathod
Company: Hello Test
Email: omrathod@gmail.com
Phone: +917600980312
Product Category: Mukhwas

Message:
this is demo message

---
This submission was saved from Sara International Website Contact Form
========================================


-------------------------------------------------------------------------------
